Running in Lattice mode


Starting:    C:\lscc\iCEcube2.2017.08\synpbase\bin64\mbin\synbatch.exe
Install:     C:\lscc\iCEcube2.2017.08\synpbase
Hostname:    DESKTOP-N4TE8I3
Date:        Sat Jul 25 17:38:54 2020
Version:     L-2016.09L+ice40

Arguments:   -product synplify_pro -batch uart_complete_syn.prj
ProductType: synplify_pro





log file: "C:\Users\seba\Documents\go_board\uart_complete\uart_complete_Implmnt\uart_complete.srr"
Running: uart_complete_Implmnt in foreground

Running uart_complete_syn|uart_complete_Implmnt

Running: compile (Compile) on uart_complete_syn|uart_complete_Implmnt
# Sat Jul 25 17:38:54 2020

Running: compile_flow (Compile Process) on uart_complete_syn|uart_complete_Implmnt
# Sat Jul 25 17:38:54 2020

Running: compiler (Compile Input) on uart_complete_syn|uart_complete_Implmnt
# Sat Jul 25 17:38:54 2020
Copied C:\Users\seba\Documents\go_board\uart_complete\uart_complete_Implmnt\synwork\uart_complete_comp.srs to C:\Users\seba\Documents\go_board\uart_complete\uart_complete_Implmnt\uart_complete.srs

compiler completed
# Sat Jul 25 17:38:56 2020

Return Code: 0
Run Time:00h:00m:02s

Running: multi_srs_gen (Multi-srs Generator) on uart_complete_syn|uart_complete_Implmnt
# Sat Jul 25 17:38:56 2020

multi_srs_gen completed
# Sat Jul 25 17:38:56 2020

Return Code: 0
Run Time:00h:00m:00s
Copied C:\Users\seba\Documents\go_board\uart_complete\uart_complete_Implmnt\synwork\uart_complete_mult.srs to C:\Users\seba\Documents\go_board\uart_complete\uart_complete_Implmnt\uart_complete.srs
Complete: Compile Process on uart_complete_syn|uart_complete_Implmnt

Running: premap (Pre-mapping) on uart_complete_syn|uart_complete_Implmnt
# Sat Jul 25 17:38:56 2020

premap completed with warnings
# Sat Jul 25 17:38:57 2020

Return Code: 1
Run Time:00h:00m:01s
Complete: Compile on uart_complete_syn|uart_complete_Implmnt

Running: map (Map) on uart_complete_syn|uart_complete_Implmnt
# Sat Jul 25 17:38:57 2020
License granted for 4 parallel jobs

Running: fpga_mapper (Map & Optimize) on uart_complete_syn|uart_complete_Implmnt
# Sat Jul 25 17:38:57 2020
Copied C:\Users\seba\Documents\go_board\uart_complete\uart_complete_Implmnt\synwork\uart_complete_m.srm to C:\Users\seba\Documents\go_board\uart_complete\uart_complete_Implmnt\uart_complete.srm

fpga_mapper completed with warnings
# Sat Jul 25 17:38:58 2020

Return Code: 1
Run Time:00h:00m:01s
Complete: Map on uart_complete_syn|uart_complete_Implmnt
Complete: Logic Synthesis on uart_complete_syn|uart_complete_Implmnt

exit status=0

exit status=0

