---------------------------------------
Resource Usage Report for hello_world 

Mapping to part: ice40hx1kvq100
Cell usage:
GND             1 use
SB_CARRY        23 uses
SB_DFF          14 uses
SB_DFFSR        33 uses
SB_GB           1 use
VCC             1 use
SB_LUT4         72 uses

I/O ports: 23
I/O primitives: 23
SB_GB_IO       1 use
SB_IO          22 uses

I/O Register bits:                  0
Register bits not including I/Os:   47 (3%)

@S |Mapping Summary:
Total  LUTs: 72 (5%)

Distribution of All Consumed LUTs = LUT4 
Distribution of All Consumed Luts 72 = 72 

