* ******************************************************************************

* iCEcube Report

* Version:            2017.08.27940

* Build Date:         Sep 11 2017 16:52:36

* File Generated:     Jul 25 2020 17:32:35

* Purpose:            General info of design implementation

* Copyright (C) 2006-2010 by Lattice Semiconductor Corp. All rights reserved.

* ******************************************************************************

Synthesis/Placement Summary:
----------------------------
    Status:  Successful
    Runtime: 0 seconds

Device Info:
------------
    Device Family: iCE40
    Device:        iCE40HX1K
    Package:       VQ100

Design statistics:
------------------
    FFs:                  19
    LUTs:                 37
    RAMs:                 0
    IOBs:                 4
    GBs:                  1
    PLLs:                 0
    Warm Boots:           0

Logic Resource Utilization:
---------------------------
    Total Logic Cells: 37/1280
        Combinational Logic Cells: 18       out of   1280      1.40625%
        Sequential Logic Cells:    19       out of   1280      1.48438%
        Logic Tiles:               8        out of   160       5%
    Registers: 
        Logic Registers:           19       out of   1280      1.48438%
        IO Registers:              0        out of   560       0
    Block RAMs:                    0        out of   16        0%
    Warm Boots:                    0        out of   1         0%
    Pins:
        Input Pins:                2        out of   72        2.77778%
        Output Pins:               2        out of   72        2.77778%
        InOut Pins:                0        out of   72        0%
    Global Buffers:                1        out of   8         12.5%
    PLLs:                          0        out of   0       

IO Bank Utilization:
--------------------
    Bank 3: 1        out of   18        5.55556%
    Bank 1: 3        out of   19        15.7895%
    Bank 0: 0        out of   19        0%
    Bank 2: 0        out of   16        0%

Detailed I/O Info:
------------------
    Input Pins: 
    Pin Number  Direction  IO Standard  Pull Up  IO Bank  IO Function    Signal Name 
    ----------  ---------  -----------  -------  -------  -----------    ----------- 
    15          Input      SB_LVCMOS    No       3        Simple Input   i_Clk       
    53          Input      SB_LVCMOS    No       1        Simple Input   i_Switch_1  

    Output Pins: 
    Pin Number  Direction  IO Standard  Pull Up  IO Bank  IO Function    Signal Name 
    ----------  ---------  -----------  -------  -------  -----------    ----------- 
    56          Output     SB_LVCMOS    No       1        Simple Output  o_LED_1     
    74          Output     SB_LVCMOS    No       1        Simple Output  o_UART_TX   

Detailed Global Buffer Info:
----------------------------
    Buffer Number  IO Bank  Driven By  Fanout  Signal Name
    -------------  -------  ---------  ------  -----------
    1              3        IO         19      i_Clk_c_g  


Router Summary:
---------------
    Status:  Successful
    Runtime: 1 seconds

Routing Resource Utilization:
-----------------------------
              Local line of tile      265 out of  28666      0.92444%
                          Span 4       20 out of   6944      0.288018%
                         Span 12        3 out of   1440      0.208333%
                  Global network        1 out of      8      12.5%
      Vertical Inter-LUT Connect        8 out of   1120      0.714286%

