# Synopsys Constraint Checker, version maplat, Build 1612R, built Dec  5 2016
# Copyright (C) 1994-2016 Synopsys, Inc. All rights reserved. This Synopsys software and all associated documentation are proprietary to Synopsys, Inc. and may only be used pursuant to the terms and conditions of a written license agreement with Synopsys, Inc. All other use, reproduction, modification, or distribution of the Synopsys software or the associated documentation is strictly prohibited.

# Written on Sat Sep 05 21:47:15 2020


##### DESIGN INFO #######################################################

Top View:                "test_pattern"
Constraint File(s):      (none)




##### SUMMARY ############################################################

Found 0 issues in 0 out of 0 constraints


##### DETAILS ############################################################



Clock Relationships
*******************

Starting               Ending                 |     rise to rise     |     fall to fall     |     rise to fall     |     fall to rise                     
---------------------------------------------------------------------------------------------------------------------------------------------------------
test_pattern|i_Clk     test_pattern|i_Clk     |     7.600            |     No paths         |     No paths         |     No paths                         
=========================================================================================================================================================
 Note: 'No paths' indicates there are no paths in the design for that pair of clock edges.
       'Diff grp' indicates that paths exist but the starting clock and ending clock are in different clock groups.


Unconstrained Start/End Points
******************************

p:i_Switch_1
p:o_VGA_Blu_0
p:o_VGA_Blu_1
p:o_VGA_Blu_2
p:o_VGA_Grn_0
p:o_VGA_Grn_1
p:o_VGA_Grn_2
p:o_VGA_HSync
p:o_VGA_Red_0
p:o_VGA_Red_1
p:o_VGA_Red_2
p:o_VGA_VSync


Inapplicable constraints
************************

(none)


Applicable constraints with issues
**********************************

(none)


Constraints with matching wildcard expressions
**********************************************

(none)


Library Report
**************


# End of Constraint Checker Report
