---------------------------------------
Resource Usage Report for top 

Mapping to part: ice40hx1kvq100
Cell usage:
GND             2 uses
SB_CARRY        8 uses
SB_DFF          23 uses
SB_DFFE         8 uses
SB_DFFESR       1 use
SB_DFFSR        20 uses
VCC             2 uses
SB_LUT4         76 uses

I/O ports: 18
I/O primitives: 18
SB_GB_IO       1 use
SB_IO          17 uses

I/O Register bits:                  0
Register bits not including I/Os:   52 (4%)

@S |Mapping Summary:
Total  LUTs: 76 (5%)

Distribution of All Consumed LUTs = LUT4 
Distribution of All Consumed Luts 76 = 76 

