Running in Lattice mode


Starting:    C:\lscc\iCEcube2.2017.08\synpbase\bin64\mbin\synbatch.exe
Install:     C:\lscc\iCEcube2.2017.08\synpbase
Hostname:    DESKTOP-N4TE8I3
Date:        Mon Jul 20 03:45:45 2020
Version:     L-2016.09L+ice40

Arguments:   -product synplify_pro -batch ex_project_syn.prj
ProductType: synplify_pro





log file: "C:\Users\seba\Documents\go_board\ex_project\ex_project_Implmnt\ex_project.srr"
Running: ex_project_Implmnt in foreground

Running ex_project_syn|ex_project_Implmnt

Running: compile (Compile) on ex_project_syn|ex_project_Implmnt
# Mon Jul 20 03:45:45 2020

Running: compile_flow (Compile Process) on ex_project_syn|ex_project_Implmnt
# Mon Jul 20 03:45:45 2020

Running: compiler (Compile Input) on ex_project_syn|ex_project_Implmnt
# Mon Jul 20 03:45:45 2020
Copied C:\Users\seba\Documents\go_board\ex_project\ex_project_Implmnt\synwork\ex_project_comp.srs to C:\Users\seba\Documents\go_board\ex_project\ex_project_Implmnt\ex_project.srs

compiler completed
# Mon Jul 20 03:45:47 2020

Return Code: 0
Run Time:00h:00m:02s

Running: multi_srs_gen (Multi-srs Generator) on ex_project_syn|ex_project_Implmnt
# Mon Jul 20 03:45:47 2020

multi_srs_gen completed
# Mon Jul 20 03:45:47 2020

Return Code: 0
Run Time:00h:00m:00s
Copied C:\Users\seba\Documents\go_board\ex_project\ex_project_Implmnt\synwork\ex_project_mult.srs to C:\Users\seba\Documents\go_board\ex_project\ex_project_Implmnt\ex_project.srs
Complete: Compile Process on ex_project_syn|ex_project_Implmnt

Running: premap (Pre-mapping) on ex_project_syn|ex_project_Implmnt
# Mon Jul 20 03:45:47 2020

premap completed with warnings
# Mon Jul 20 03:45:48 2020

Return Code: 1
Run Time:00h:00m:01s
Complete: Compile on ex_project_syn|ex_project_Implmnt

Running: map (Map) on ex_project_syn|ex_project_Implmnt
# Mon Jul 20 03:45:48 2020
License granted for 4 parallel jobs

Running: fpga_mapper (Map & Optimize) on ex_project_syn|ex_project_Implmnt
# Mon Jul 20 03:45:48 2020
Copied C:\Users\seba\Documents\go_board\ex_project\ex_project_Implmnt\synwork\ex_project_m.srm to C:\Users\seba\Documents\go_board\ex_project\ex_project_Implmnt\ex_project.srm

fpga_mapper completed with warnings
# Mon Jul 20 03:45:49 2020

Return Code: 1
Run Time:00h:00m:01s
Complete: Map on ex_project_syn|ex_project_Implmnt
Complete: Logic Synthesis on ex_project_syn|ex_project_Implmnt

exit status=0

exit status=0

