---------------------------------------
Resource Usage Report for test_pattern 

Mapping to part: ice40hx1kvq100
Cell usage:
GND             1 use
SB_CARRY        17 uses
SB_DFF          28 uses
SB_DFFSR        1 use
VCC             1 use
SB_LUT4         77 uses

I/O ports: 13
I/O primitives: 13
SB_GB_IO       1 use
SB_IO          12 uses

I/O Register bits:                  0
Register bits not including I/Os:   29 (2%)

@S |Mapping Summary:
Total  LUTs: 77 (6%)

Distribution of All Consumed LUTs = LUT4 
Distribution of All Consumed Luts 77 = 77 

