---------------------------------------
Resource Usage Report for top 

Mapping to part: ice40hx1kvq100
Cell usage:
GND             3 uses
SB_CARRY        20 uses
SB_DFF          27 uses
SB_DFFE         17 uses
SB_DFFESR       7 uses
SB_DFFESS       1 use
SB_DFFSR        35 uses
SB_DFFSS        1 use
VCC             3 uses
SB_LUT4         111 uses

I/O ports: 19
I/O primitives: 19
SB_GB_IO       1 use
SB_IO          18 uses

I/O Register bits:                  0
Register bits not including I/Os:   88 (6%)

@S |Mapping Summary:
Total  LUTs: 111 (8%)

Distribution of All Consumed LUTs = LUT4 
Distribution of All Consumed Luts 111 = 111 

