* ******************************************************************************

* iCEcube Report

* Version:            2017.08.27940

* Build Date:         Sep 11 2017 16:52:36

* File Generated:     Jul 25 2020 17:39:24

* Purpose:            General info of design implementation

* Copyright (C) 2006-2010 by Lattice Semiconductor Corp. All rights reserved.

* ******************************************************************************

Synthesis/Placement Summary:
----------------------------
    Status:  Successful
    Runtime: 0 seconds

Device Info:
------------
    Device Family: iCE40
    Device:        iCE40HX1K
    Package:       VQ100

Design statistics:
------------------
    FFs:                  88
    LUTs:                 137
    RAMs:                 0
    IOBs:                 19
    GBs:                  1
    PLLs:                 0
    Warm Boots:           0

Logic Resource Utilization:
---------------------------
    Total Logic Cells: 137/1280
        Combinational Logic Cells: 49       out of   1280      3.82813%
        Sequential Logic Cells:    88       out of   1280      6.875%
        Logic Tiles:               31       out of   160       19.375%
    Registers: 
        Logic Registers:           88       out of   1280      6.875%
        IO Registers:              0        out of   560       0
    Block RAMs:                    0        out of   16        0%
    Warm Boots:                    0        out of   1         0%
    Pins:
        Input Pins:                3        out of   72        4.16667%
        Output Pins:               16       out of   72        22.2222%
        InOut Pins:                0        out of   72        0%
    Global Buffers:                1        out of   8         12.5%
    PLLs:                          0        out of   0       

IO Bank Utilization:
--------------------
    Bank 3: 6        out of   18        33.3333%
    Bank 1: 4        out of   19        21.0526%
    Bank 0: 9        out of   19        47.3684%
    Bank 2: 0        out of   16        0%

Detailed I/O Info:
------------------
    Input Pins: 
    Pin Number  Direction  IO Standard  Pull Up  IO Bank  IO Function    Signal Name   
    ----------  ---------  -----------  -------  -------  -----------    -----------   
    15          Input      SB_LVCMOS    No       3        Simple Input   i_Clk         
    53          Input      SB_LVCMOS    No       1        Simple Input   i_Switch_1    
    73          Input      SB_LVCMOS    No       1        Simple Input   i_UART_RX     

    Output Pins: 
    Pin Number  Direction  IO Standard  Pull Up  IO Bank  IO Function    Signal Name   
    ----------  ---------  -----------  -------  -------  -----------    -----------   
    1           Output     SB_LVCMOS    No       3        Simple Output  o_Segment1_F  
    2           Output     SB_LVCMOS    No       3        Simple Output  o_Segment1_G  
    3           Output     SB_LVCMOS    No       3        Simple Output  o_Segment1_A  
    4           Output     SB_LVCMOS    No       3        Simple Output  o_Segment1_B  
    8           Output     SB_LVCMOS    No       3        Simple Output  o_Segment2_F  
    56          Output     SB_LVCMOS    No       1        Simple Output  o_LED_1       
    74          Output     SB_LVCMOS    No       1        Simple Output  o_UART_TX     
    90          Output     SB_LVCMOS    No       0        Simple Output  o_Segment1_E  
    91          Output     SB_LVCMOS    No       0        Simple Output  o_Segment1_D  
    93          Output     SB_LVCMOS    No       0        Simple Output  o_Segment1_C  
    94          Output     SB_LVCMOS    No       0        Simple Output  o_Segment2_E  
    95          Output     SB_LVCMOS    No       0        Simple Output  o_Segment2_D  
    96          Output     SB_LVCMOS    No       0        Simple Output  o_Segment2_G  
    97          Output     SB_LVCMOS    No       0        Simple Output  o_Segment2_C  
    99          Output     SB_LVCMOS    No       0        Simple Output  o_Segment2_B  
    100         Output     SB_LVCMOS    No       0        Simple Output  o_Segment2_A  

Detailed Global Buffer Info:
----------------------------
    Buffer Number  IO Bank  Driven By  Fanout  Signal Name
    -------------  -------  ---------  ------  -----------
    1              3        IO         88      i_Clk_c_g  
