Running in Lattice mode


Starting:    C:\lscc\iCEcube2.2017.08\synpbase\bin64\mbin\synbatch.exe
Install:     C:\lscc\iCEcube2.2017.08\synpbase
Hostname:    DESKTOP-N4TE8I3
Date:        Sat Jul 25 17:31:46 2020
Version:     L-2016.09L+ice40

Arguments:   -product synplify_pro -batch uart_tx_syn.prj
ProductType: synplify_pro





log file: "C:\Users\seba\Documents\go_board\uart_tx\uart_tx_Implmnt\uart_tx.srr"
Running: uart_tx_Implmnt in foreground

Running uart_tx_syn|uart_tx_Implmnt

Running: compile (Compile) on uart_tx_syn|uart_tx_Implmnt
# Sat Jul 25 17:31:46 2020

Running: compile_flow (Compile Process) on uart_tx_syn|uart_tx_Implmnt
# Sat Jul 25 17:31:46 2020

Running: compiler (Compile Input) on uart_tx_syn|uart_tx_Implmnt
# Sat Jul 25 17:31:46 2020
Copied C:\Users\seba\Documents\go_board\uart_tx\uart_tx_Implmnt\synwork\uart_tx_comp.srs to C:\Users\seba\Documents\go_board\uart_tx\uart_tx_Implmnt\uart_tx.srs

compiler completed
# Sat Jul 25 17:31:47 2020

Return Code: 0
Run Time:00h:00m:01s

Running: multi_srs_gen (Multi-srs Generator) on uart_tx_syn|uart_tx_Implmnt
# Sat Jul 25 17:31:47 2020

multi_srs_gen completed
# Sat Jul 25 17:31:47 2020

Return Code: 0
Run Time:00h:00m:00s
Copied C:\Users\seba\Documents\go_board\uart_tx\uart_tx_Implmnt\synwork\uart_tx_mult.srs to C:\Users\seba\Documents\go_board\uart_tx\uart_tx_Implmnt\uart_tx.srs
Complete: Compile Process on uart_tx_syn|uart_tx_Implmnt

Running: premap (Pre-mapping) on uart_tx_syn|uart_tx_Implmnt
# Sat Jul 25 17:31:48 2020

premap completed with warnings
# Sat Jul 25 17:31:48 2020

Return Code: 1
Run Time:00h:00m:00s
Complete: Compile on uart_tx_syn|uart_tx_Implmnt

Running: map (Map) on uart_tx_syn|uart_tx_Implmnt
# Sat Jul 25 17:31:48 2020
License granted for 4 parallel jobs

Running: fpga_mapper (Map & Optimize) on uart_tx_syn|uart_tx_Implmnt
# Sat Jul 25 17:31:48 2020

fpga_mapper completed with warnings
# Sat Jul 25 17:31:49 2020

Return Code: 1
Run Time:00h:00m:01s
Complete: Map on uart_tx_syn|uart_tx_Implmnt
Complete: Logic Synthesis on uart_tx_syn|uart_tx_Implmnt

exit status=0

exit status=0

