---------------------------------------
Resource Usage Report for top 

Mapping to part: ice40hx1kvq100
Cell usage:
GND             1 use
SB_CARRY        9 uses
SB_DFF          5 uses
SB_DFFSR        14 uses
VCC             1 use
SB_LUT4         37 uses

I/O ports: 4
I/O primitives: 4
SB_GB_IO       1 use
SB_IO          3 uses

I/O Register bits:                  0
Register bits not including I/Os:   19 (1%)

@S |Mapping Summary:
Total  LUTs: 37 (2%)

Distribution of All Consumed LUTs = LUT4 
Distribution of All Consumed Luts 37 = 37 

