* ******************************************************************************

* iCEcube Report

* Version:            2017.08.27940

* Build Date:         Sep 11 2017 16:52:36

* File Generated:     Jul 20 2020 03:46:15

* Purpose:            General info of design implementation

* Copyright (C) 2006-2010 by Lattice Semiconductor Corp. All rights reserved.

* ******************************************************************************

Synthesis/Placement Summary:
----------------------------
    Status:  Successful
    Runtime: 0 seconds

Device Info:
------------
    Device Family: iCE40
    Device:        iCE40HX1K
    Package:       VQ100

Design statistics:
------------------
    FFs:                  47
    LUTs:                 72
    RAMs:                 0
    IOBs:                 23
    GBs:                  2
    PLLs:                 0
    Warm Boots:           0

Logic Resource Utilization:
---------------------------
    Total Logic Cells: 73/1280
        Combinational Logic Cells: 26       out of   1280      2.03125%
        Sequential Logic Cells:    47       out of   1280      3.67188%
        Logic Tiles:               13       out of   160       8.125%
    Registers: 
        Logic Registers:           47       out of   1280      3.67188%
        IO Registers:              0        out of   560       0
    Block RAMs:                    0        out of   16        0%
    Warm Boots:                    0        out of   1         0%
    Pins:
        Input Pins:                5        out of   72        6.94444%
        Output Pins:               18       out of   72        25%
        InOut Pins:                0        out of   72        0%
    Global Buffers:                2        out of   8         25%
    PLLs:                          0        out of   0       

IO Bank Utilization:
--------------------
    Bank 3: 6        out of   18        33.3333%
    Bank 1: 8        out of   19        42.1053%
    Bank 0: 9        out of   19        47.3684%
    Bank 2: 0        out of   16        0%

Detailed I/O Info:
------------------
    Input Pins: 
    Pin Number  Direction  IO Standard  Pull Up  IO Bank  IO Function    Signal Name   
    ----------  ---------  -----------  -------  -------  -----------    -----------   
    15          Input      SB_LVCMOS    No       3        Simple Input   i_Clk         
    51          Input      SB_LVCMOS    No       1        Simple Input   i_Switch_2    
    52          Input      SB_LVCMOS    No       1        Simple Input   i_Switch_4    
    53          Input      SB_LVCMOS    No       1        Simple Input   i_Switch_1    
    54          Input      SB_LVCMOS    No       1        Simple Input   i_Switch_3    

    Output Pins: 
    Pin Number  Direction  IO Standard  Pull Up  IO Bank  IO Function    Signal Name   
    ----------  ---------  -----------  -------  -------  -----------    -----------   
    1           Output     SB_LVCMOS    No       3        Simple Output  o_Segment1_F  
    2           Output     SB_LVCMOS    No       3        Simple Output  o_Segment1_G  
    3           Output     SB_LVCMOS    No       3        Simple Output  o_Segment1_A  
    4           Output     SB_LVCMOS    No       3        Simple Output  o_Segment1_B  
    8           Output     SB_LVCMOS    No       3        Simple Output  o_Segment2_F  
    56          Output     SB_LVCMOS    No       1        Simple Output  o_LED_1       
    57          Output     SB_LVCMOS    No       1        Simple Output  o_LED_2       
    59          Output     SB_LVCMOS    No       1        Simple Output  o_LED_3       
    60          Output     SB_LVCMOS    No       1        Simple Output  o_LED_4       
    90          Output     SB_LVCMOS    No       0        Simple Output  o_Segment1_E  
    91          Output     SB_LVCMOS    No       0        Simple Output  o_Segment1_D  
    93          Output     SB_LVCMOS    No       0        Simple Output  o_Segment1_C  
    94          Output     SB_LVCMOS    No       0        Simple Output  o_Segment2_E  
    95          Output     SB_LVCMOS    No       0        Simple Output  o_Segment2_D  
    96          Output     SB_LVCMOS    No       0        Simple Output  o_Segment2_G  
    97          Output     SB_LVCMOS    No       0        Simple Output  o_Segment2_C  
    99          Output     SB_LVCMOS    No       0        Simple Output  o_Segment2_B  
    100         Output     SB_LVCMOS    No       0        Simple Output  o_Segment2_A  

Detailed Global Buffer Info:
----------------------------
    Buffer Number  IO Bank  Driven By  Fanout  Signal Name  
    -------------  -------  ---------  ------  -----------  
    1              3        IO         47      i_Clk_c_g    
    6              3                   25      asd.N_100_g  
