Running in Lattice mode


Starting:    C:\lscc\iCEcube2.2017.08\synpbase\bin64\mbin\synbatch.exe
Install:     C:\lscc\iCEcube2.2017.08\synpbase
Hostname:    DESKTOP-N4TE8I3
Date:        Fri Jul 24 00:48:48 2020
Version:     L-2016.09L+ice40

Arguments:   -product synplify_pro -batch uart_syn.prj
ProductType: synplify_pro





log file: "C:\Users\seba\Documents\go_board\uart\uart_Implmnt\uart.srr"
Running: uart_Implmnt in foreground

Running uart_syn|uart_Implmnt

Running: compile (Compile) on uart_syn|uart_Implmnt
# Fri Jul 24 00:48:48 2020

Running: compile_flow (Compile Process) on uart_syn|uart_Implmnt
# Fri Jul 24 00:48:48 2020

Running: compiler (Compile Input) on uart_syn|uart_Implmnt
# Fri Jul 24 00:48:48 2020
Copied C:\Users\seba\Documents\go_board\uart\uart_Implmnt\synwork\uart_comp.srs to C:\Users\seba\Documents\go_board\uart\uart_Implmnt\uart.srs

compiler completed
# Fri Jul 24 00:48:49 2020

Return Code: 0
Run Time:00h:00m:01s

Running: multi_srs_gen (Multi-srs Generator) on uart_syn|uart_Implmnt
# Fri Jul 24 00:48:49 2020

multi_srs_gen completed
# Fri Jul 24 00:48:50 2020

Return Code: 0
Run Time:00h:00m:01s
Copied C:\Users\seba\Documents\go_board\uart\uart_Implmnt\synwork\uart_mult.srs to C:\Users\seba\Documents\go_board\uart\uart_Implmnt\uart.srs
Complete: Compile Process on uart_syn|uart_Implmnt

Running: premap (Pre-mapping) on uart_syn|uart_Implmnt
# Fri Jul 24 00:48:50 2020

premap completed with warnings
# Fri Jul 24 00:48:50 2020

Return Code: 1
Run Time:00h:00m:00s
Complete: Compile on uart_syn|uart_Implmnt

Running: map (Map) on uart_syn|uart_Implmnt
# Fri Jul 24 00:48:50 2020
License granted for 4 parallel jobs

Running: fpga_mapper (Map & Optimize) on uart_syn|uart_Implmnt
# Fri Jul 24 00:48:50 2020
Copied C:\Users\seba\Documents\go_board\uart\uart_Implmnt\synwork\uart_m.srm to C:\Users\seba\Documents\go_board\uart\uart_Implmnt\uart.srm

fpga_mapper completed with warnings
# Fri Jul 24 00:48:52 2020

Return Code: 1
Run Time:00h:00m:02s
Complete: Map on uart_syn|uart_Implmnt
Complete: Logic Synthesis on uart_syn|uart_Implmnt

exit status=0

exit status=0

