* ******************************************************************************

* iCEcube Packer

* Version:            2017.08.27940

* Build Date:         Sep 11 2017 16:52:36

* File Generated:     Jul 21 2020 23:36:12

* Purpose:            General info of design implementation

* Copyright (C) 2006-2010 by Lattice Semiconductor Corp. All rights reserved.

* ******************************************************************************

Command Line: C:\lscc\iCEcube2.2017.08\sbt_backend\bin\win32\opt\packer.exe  C:\lscc\iCEcube2.2017.08\sbt_backend\devices\ICE40P01.dev  C:/Users/seba/Documents/go_board/uart/uart_Implmnt\sbt\netlist\oadb-top  --package  VQ100  --outdir  C:/Users/seba/Documents/go_board/uart/uart_Implmnt\sbt\outputs\packer  --translator  C:\lscc\iCEcube2.2017.08\sbt_backend\bin\sdc_translator.tcl  --src_sdc_file  C:/Users/seba/Documents/go_board/uart/uart_Implmnt\sbt\outputs\placer\top_pl.sdc  --dst_sdc_file  C:/Users/seba/Documents/go_board/uart/uart_Implmnt\sbt\outputs\packer\top_pk.sdc  --devicename  iCE40HX1K  

***** Device Info *****
Chip: iCE40HX1K
Package: VQ100
Size: 12 X 16

***** Design Utilization Info *****
Design: top
Used Logic Cell: 70/1280
Used Logic Tile: 15/160
Used IO Cell:    17/112
Used Bram Cell For iCE40: 0/16
Used PLL For iCE40: 0/0
Ram Cascading Used: 0
Lut Cascading Used: 1

***** Clock Info *****
Clock Domain: i_Clk_c_g
Clock Source: i_clk 
Clock Driver: i_Clk_ibuf_gb_io (ICE_GB_IO)
Driver Position: (0, 9, 0)
Fanout to FF: 43
Fanout to Tile: 12


***** Placement Info *****
Logic cell utilization per tile
    . . . . + . . . . 1 . . . . 
   ----------------------------
17|                             
16|   0 0 0 0 0 0 0 0 0 0 0 0   
15|   0 0 0 0 0 0 0 0 0 0 0 0   
14|   0 0 0 0 0 0 0 0 0 0 0 0   
13|   0 0 0 0 0 0 0 0 0 0 0 0   
12|   0 0 0 0 0 0 0 0 0 0 0 0   
11|   0 0 0 2 0 0 0 0 0 0 0 0   
10|   0 0 0 5 0 0 0 0 0 0 0 0   
 9|   0 5 0 8 0 0 0 0 0 0 0 0   
 8|   0 0 0 8 3 0 0 0 0 0 0 0   
 7|   1 5 0 5 1 0 0 0 0 0 0 0   
 6|   8 8 0 0 0 0 0 0 0 0 0 0   
 5|   1 8 0 0 0 0 0 0 0 0 0 0   
 4|   0 2 0 0 0 0 0 0 0 0 0 0   
 3|   0 0 0 0 0 0 0 0 0 0 0 0   
 2|   0 0 0 0 0 0 0 0 0 0 0 0   
 1|   0 0 0 0 0 0 0 0 0 0 0 0   
 0|                             

Maximum number of Logic cells per logic tile: 8
Average number of Logic cells per logic tile: 4.67

***** Input Pin Density Info *****
Number of input nets per logic tile
     .  .  .  .  +  .  .  .  .  1  .  .  .  . 
   ------------------------------------------
17|                                           
16|     0  0  0  0  0  0  0  0  0  0  0  0    
15|     0  0  0  0  0  0  0  0  0  0  0  0    
14|     0  0  0  0  0  0  0  0  0  0  0  0    
13|     0  0  0  0  0  0  0  0  0  0  0  0    
12|     0  0  0  0  0  0  0  0  0  0  0  0    
11|     0  0  0  4  0  0  0  0  0  0  0  0    
10|     0  0  0  4  0  0  0  0  0  0  0  0    
 9|     0  4  0 15  0  0  0  0  0  0  0  0    
 8|     0  0  0 12  4  0  0  0  0  0  0  0    
 7|     2 11  0 11  4  0  0  0  0  0  0  0    
 6|    16 13  0  0  0  0  0  0  0  0  0  0    
 5|     3 17  0  0  0  0  0  0  0  0  0  0    
 4|     0  8  0  0  0  0  0  0  0  0  0  0    
 3|     0  0  0  0  0  0  0  0  0  0  0  0    
 2|     0  0  0  0  0  0  0  0  0  0  0  0    
 1|     0  0  0  0  0  0  0  0  0  0  0  0    
 0|                                           

Maximum number of input nets per logic tile: 17
Average number of input nets per logic tile: 8.53

Number of input pins per logic tile
     .  .  .  .  +  .  .  .  .  1  .  .  .  . 
   ------------------------------------------
17|                                           
16|     0  0  0  0  0  0  0  0  0  0  0  0    
15|     0  0  0  0  0  0  0  0  0  0  0  0    
14|     0  0  0  0  0  0  0  0  0  0  0  0    
13|     0  0  0  0  0  0  0  0  0  0  0  0    
12|     0  0  0  0  0  0  0  0  0  0  0  0    
11|     0  0  0  8  0  0  0  0  0  0  0  0    
10|     0  0  0 20  0  0  0  0  0  0  0  0    
 9|     0 20  0 32  0  0  0  0  0  0  0  0    
 8|     0  0  0 23  6  0  0  0  0  0  0  0    
 7|     2 17  0 16  4  0  0  0  0  0  0  0    
 6|    17 26  0  0  0  0  0  0  0  0  0  0    
 5|     3 29  0  0  0  0  0  0  0  0  0  0    
 4|     0  8  0  0  0  0  0  0  0  0  0  0    
 3|     0  0  0  0  0  0  0  0  0  0  0  0    
 2|     0  0  0  0  0  0  0  0  0  0  0  0    
 1|     0  0  0  0  0  0  0  0  0  0  0  0    
 0|                                           

Maximum number of input pins per logic tile: 32
Average number of input pins per logic tile: 15.40

***** Run Time Info *****
Run Time:  0
